<component name="libraryTable">
  <library name="JUnit5Suites" type="repository">
    <properties maven-id="org.junit.platform:junit-platform-suite:1.11.0">
      <verification>
        <artifact url="file://$MAVEN_REPOSITORY$/org/junit/platform/junit-platform-suite/1.11.0/junit-platform-suite-1.11.0.jar">
          <sha256sum>10fbe6e9d63b8776c7d578eb5bf51f72a2e34fb3e171987531b30dee2c577c5d</sha256sum>
        </artifact>
        <artifact url="file://$MAVEN_REPOSITORY$/org/junit/platform/junit-platform-suite-api/1.11.0/junit-platform-suite-api-1.11.0.jar">
          <sha256sum>4e007a34fabc491f4c460ad7430bd9a7bd2cc00b5ad579067c3e7d19ca1af944</sha256sum>
        </artifact>
        <artifact url="file://$MAVEN_REPOSITORY$/org/junit/platform/junit-platform-suite-engine/1.11.0/junit-platform-suite-engine-1.11.0.jar">
          <sha256sum>f818fd53a13dfa341bb3205ce5baf78a768904db639b8ec751ae63339c697da7</sha256sum>
        </artifact>
        <artifact url="file://$MAVEN_REPOSITORY$/org/junit/platform/junit-platform-suite-commons/1.11.0/junit-platform-suite-commons-1.11.0.jar">
          <sha256sum>18d4deb308c8aa47886b6a5fe95439ac6d8480f450da1722fb670527cc8e4854</sha256sum>
        </artifact>
      </verification>
      <exclude>
        <dependency maven-id="org.junit.platform:junit-platform-commons" />
        <dependency maven-id="org.apiguardian:apiguardian-api" />
        <dependency maven-id="org.junit.platform:junit-platform-engine" />
        <dependency maven-id="org.junit.platform:junit-platform-launcher" />
      </exclude>
    </properties>
    <CLASSES>
      <root url="jar://$MAVEN_REPOSITORY$/org/junit/platform/junit-platform-suite/1.11.0/junit-platform-suite-1.11.0.jar!/" />
      <root url="jar://$MAVEN_REPOSITORY$/org/junit/platform/junit-platform-suite-api/1.11.0/junit-platform-suite-api-1.11.0.jar!/" />
      <root url="jar://$MAVEN_REPOSITORY$/org/junit/platform/junit-platform-suite-engine/1.11.0/junit-platform-suite-engine-1.11.0.jar!/" />
      <root url="jar://$MAVEN_REPOSITORY$/org/junit/platform/junit-platform-suite-commons/1.11.0/junit-platform-suite-commons-1.11.0.jar!/" />
    </CLASSES>
    <JAVADOC />
    <SOURCES>
      <root url="jar://$MAVEN_REPOSITORY$/org/junit/platform/junit-platform-suite/1.11.0/junit-platform-suite-1.11.0-sources.jar!/" />
      <root url="jar://$MAVEN_REPOSITORY$/org/junit/platform/junit-platform-suite-api/1.11.0/junit-platform-suite-api-1.11.0-sources.jar!/" />
      <root url="jar://$MAVEN_REPOSITORY$/org/junit/platform/junit-platform-suite-engine/1.11.0/junit-platform-suite-engine-1.11.0-sources.jar!/" />
      <root url="jar://$MAVEN_REPOSITORY$/org/junit/platform/junit-platform-suite-commons/1.11.0/junit-platform-suite-commons-1.11.0-sources.jar!/" />
    </SOURCES>
  </library>
</component>